<?xml version="1.0" encoding="UTF-8"?>
<testsuite xmlns:xsi="http://www.w3.org/2001/XMLSchema-instance" xsi:noNamespaceSchemaLocation="https://maven.apache.org/surefire/maven-surefire-plugin/xsd/surefire-test-report-3.0.xsd" version="3.0" name="TestSuite" time="214.845" tests="2" errors="0" skipped="0" failures="0">
  <properties>
[...]
</properties>
  <testcase name="main" classname="ETS.CCIntake" time="139.975">
    <system-out><![CDATA[open_browser:Browser::Google Chrome is Launched : ChromeDriver: chrome on WINDOWS (94c9b767ebc3f64022d7393d440b657d)
open_browser:Browser::Browser Maximize
open_browser:Browser::Opening URL https://dev.aosen.ai/rivendell/#/SignIn
navigate_CC_SignUpPage:ElementValue::Property Values returned from Properties.xlsx: xpath & //*[text()='Sign Up']
navigate_CC_SignUpPage:WebUIElement::Element: [[ChromeDriver: chrome on WINDOWS (94c9b767ebc3f64022d7393d440b657d)] -> xpath: //*[text()='Sign Up']] exists.
SignUp_Button_Validation::Sign Up button exists on the Login Page&nbsp;&nbsp;&nbsp;<a href='C:\Users\SunilSaxena\Desktop\Sunil kumar\WorkSpace\FrameworkTemplate\Screenshots\CCIntake_24-09-2021_01.00AM\010004.png' data-featherlight='image'><span class='label grey white-text'>S</span></a>
navigate_CC_SignUpPage:ElementValue::Property Values returned from Properties.xlsx: xpath & //*[text()='Sign Up']
navigate_CC_SignUpPage:WebUIElement::Element: [[ChromeDriver: chrome on WINDOWS (94c9b767ebc3f64022d7393d440b657d)] -> xpath: //*[text()='Sign Up']]is clicked successfully.
navigate_CC_SignUpPage:ElementValue::Property Values returned from Properties.xlsx: xpath & //*[text()=' Community Coordinator']
navigate_CC_SignUpPage:WebUIElement::Element: [[ChromeDriver: chrome on WINDOWS (94c9b767ebc3f64022d7393d440b657d)] -> xpath: //*[text()=' Community Coordinator']] exists.
CC_SignUp_Button_Validation::User clicked on Sign Up button and navigated to the CC Sign Up page&nbsp;&nbsp;&nbsp;<a href='C:\Users\SunilSaxena\Desktop\Sunil kumar\WorkSpace\FrameworkTemplate\Screenshots\CCIntake_24-09-2021_01.00AM\010005.png' data-featherlight='image'><span class='label grey white-text'>S</span></a>
navigate_CC_SignUpPage:ElementValue::Property Values returned from Properties.xlsx: xpath & //*[text()=' Community Coordinator']
navigate_CC_SignUpPage:WebUIElement::Element: [[ChromeDriver: chrome on WINDOWS (94c9b767ebc3f64022d7393d440b657d)] -> xpath: //*[text()=' Community Coordinator']]is clicked successfully.
fill_CCEnrollmentForm:ElementValue::Property Values returned from Properties.xlsx: xpath & //*[@formcontrolname='prefix']
fill_CCEnrollmentForm:DropDown::Element should have been "select" but was "mat-select"
Build info: version: '3.14.0', revision: 'aacccce0', time: '2018-08-02T20:19:58.91Z'
System info: host: 'DESKTOP-7E3L7E1', ip: '192.168.0.3', os.name: 'Windows 10', os.arch: 'amd64', os.version: '10.0', java.version: '15.0.2'
Driver info: driver.version: unknown
fill_CCEnrollmentForm:ElementValue::Property Values returned from Properties.xlsx: xpath & //*[@formcontrolname='firstName']
fill_CCEnrollmentForm:TextBox::Values are sucessfully entered in textbox.Emily
fill_CCEnrollmentForm:ElementValue::Property Values returned from Properties.xlsx: xpath & //*[@formcontrolname='middleName']
fill_CCEnrollmentForm:TextBox::Values are sucessfully entered in textbox.
fill_CCEnrollmentForm:ElementValue::Property Values returned from Properties.xlsx: xpath & //*[@formcontrolname='lastName']
fill_CCEnrollmentForm:TextBox::Values are sucessfully entered in textbox.Green
fill_CCEnrollmentForm:ElementValue::Property Values returned from Properties.xlsx: xpath & //*[@formcontrolname='suffix']
fill_CCEnrollmentForm:TextBox::Values are sucessfully entered in textbox.
fill_CCEnrollmentForm:ElementValue::Property Values returned from Properties.xlsx: xpath & //*[@formcontrolname='nickName']
fill_CCEnrollmentForm:TextBox::Values are sucessfully entered in textbox.
fill_CCEnrollmentForm:ElementValue::Property Values returned from Properties.xlsx: xpath & //*[@formcontrolname='dateOfBirth']
fill_CCEnrollmentForm:TextBox::Values are sucessfully entered in textbox.01/21/1994
fill_CCEnrollmentForm:ElementValue::Property Values returned from Properties.xlsx: xpath & //*[@formcontrolname='gender']
fill_CCEnrollmentForm:DropDown::Element should have been "select" but was "mat-select"
Build info: version: '3.14.0', revision: 'aacccce0', time: '2018-08-02T20:19:58.91Z'
System info: host: 'DESKTOP-7E3L7E1', ip: '192.168.0.3', os.name: 'Windows 10', os.arch: 'amd64', os.version: '10.0', java.version: '15.0.2'
Driver info: driver.version: unknown
fill_CCEnrollmentForm:ElementValue::Property Values returned from Properties.xlsx: xpath & //*[@formcontrolname='sexualOrientation']
fill_CCEnrollmentForm:DropDown::Element should have been "select" but was "mat-select"
Build info: version: '3.14.0', revision: 'aacccce0', time: '2018-08-02T20:19:58.91Z'
System info: host: 'DESKTOP-7E3L7E1', ip: '192.168.0.3', os.name: 'Windows 10', os.arch: 'amd64', os.version: '10.0', java.version: '15.0.2'
Driver info: driver.version: unknown
fill_CCEnrollmentForm:ElementValue::Property Values returned from Properties.xlsx: xpath & //*[@formcontrolname='streetAddress']
fill_CCEnrollmentForm:TextBox::Values are sucessfully entered in textbox.125th Avenue
fill_CCEnrollmentForm:ElementValue::Property Values returned from Properties.xlsx: xpath & //*[@formcontrolname='streetAddress2']
fill_CCEnrollmentForm:TextBox::Values are sucessfully entered in textbox.
fill_CCEnrollmentForm:ElementValue::Property Values returned from Properties.xlsx: xpath & //*[@formcontrolname='city']
fill_CCEnrollmentForm:TextBox::Values are sucessfully entered in textbox.New York
fill_CCEnrollmentForm:ElementValue::Property Values returned from Properties.xlsx: xpath & //*[@formcontrolname='country']
fill_CCEnrollmentForm:DropDown::Element should have been "select" but was "mat-select"
Build info: version: '3.14.0', revision: 'aacccce0', time: '2018-08-02T20:19:58.91Z'
System info: host: 'DESKTOP-7E3L7E1', ip: '192.168.0.3', os.name: 'Windows 10', os.arch: 'amd64', os.version: '10.0', java.version: '15.0.2'
Driver info: driver.version: unknown
fill_CCEnrollmentForm:ElementValue::Property Values returned from Properties.xlsx: xpath & //*[@formcontrolname='state']
fill_CCEnrollmentForm:DropDown::Element should have been "select" but was "mat-select"
Build info: version: '3.14.0', revision: 'aacccce0', time: '2018-08-02T20:19:58.91Z'
System info: host: 'DESKTOP-7E3L7E1', ip: '192.168.0.3', os.name: 'Windows 10', os.arch: 'amd64', os.version: '10.0', java.version: '15.0.2'
Driver info: driver.version: unknown
fill_CCEnrollmentForm:ElementValue::Property Values returned from Properties.xlsx: xpath & //*[@formcontrolname='zipCode']
fill_CCEnrollmentForm:TextBox::Values are sucessfully entered in textbox.99716
fill_CCEnrollmentForm:ElementValue::Property Values returned from Properties.xlsx: xpath & //*[@formcontrolname='email']
fill_CCEnrollmentForm:TextBox::Values are sucessfully entered in textbox.automationtest998@alqimi.com
fill_CCEnrollmentForm:ElementValue::Property Values returned from Properties.xlsx: xpath & //*[@formcontrolname='phone']
fill_CCEnrollmentForm:TextBox::Values are sucessfully entered in textbox.7702065145
fill_CCEnrollmentForm:ElementValue::Property Values returned from Properties.xlsx: xpath & //*[@formcontrolname='affiliatedPartnerProgram']
fill_CCEnrollmentForm:DropDown::Element should have been "select" but was "mat-select"
Build info: version: '3.14.0', revision: 'aacccce0', time: '2018-08-02T20:19:58.91Z'
System info: host: 'DESKTOP-7E3L7E1', ip: '192.168.0.3', os.name: 'Windows 10', os.arch: 'amd64', os.version: '10.0', java.version: '15.0.2'
Driver info: driver.version: unknown
fill_CCEnrollmentForm:ElementValue::Property Values returned from Properties.xlsx: xpath & //*[@formcontrolname='militaryServed']
fill_CCEnrollmentForm:DropDown::Element should have been "select" but was "mat-select"
Build info: version: '3.14.0', revision: 'aacccce0', time: '2018-08-02T20:19:58.91Z'
System info: host: 'DESKTOP-7E3L7E1', ip: '192.168.0.3', os.name: 'Windows 10', os.arch: 'amd64', os.version: '10.0', java.version: '15.0.2'
Driver info: driver.version: unknown
fill_CCEnrollmentForm:ElementValue::Property Values returned from Properties.xlsx: xpath & //*[@formcontrolname='branch']
fill_CCEnrollmentForm:DropDown::Element should have been "select" but was "mat-select"
Build info: version: '3.14.0', revision: 'aacccce0', time: '2018-08-02T20:19:58.91Z'
System info: host: 'DESKTOP-7E3L7E1', ip: '192.168.0.3', os.name: 'Windows 10', os.arch: 'amd64', os.version: '10.0', java.version: '15.0.2'
Driver info: driver.version: unknown
fill_CCEnrollmentForm:ElementValue::Property Values returned from Properties.xlsx: xpath & //*[@formcontrolname='jobCode']
fill_CCEnrollmentForm:TextBox::invalid element state: Element is not currently interactable and may not be manipulated
  (Session info: chrome=94.0.4606.54)
Build info: version: '3.14.0', revision: 'aacccce0', time: '2018-08-02T20:19:58.91Z'
System info: host: 'DESKTOP-7E3L7E1', ip: '192.168.0.3', os.name: 'Windows 10', os.arch: 'amd64', os.version: '10.0', java.version: '15.0.2'
Driver info: org.openqa.selenium.chrome.ChromeDriver
Capabilities {acceptInsecureCerts: false, browserName: chrome, browserVersion: 94.0.4606.54, chrome: {chromedriverVersion: 94.0.4606.41 (333e85df3c9b6..., userDataDir: C:\Users\SUNILS~1\AppData\L...}, goog:chromeOptions: {debuggerAddress: localhost:60977}, javascriptEnabled: true, networkConnectionEnabled: false, pageLoadStrategy: normal, platform: WINDOWS, platformName: WINDOWS, proxy: Proxy(), setWindowRect: true, strictFileInteractability: false, timeouts: {implicit: 0, pageLoad: 300000, script: 30000}, unhandledPromptBehavior: dismiss and notify, webauthn:extension:credBlob: true, webauthn:extension:largeBlob: true, webauthn:virtualAuthenticators: true}
Session ID: 94c9b767ebc3f64022d7393d440b657d
fill_CCEnrollmentForm:ElementValue::Property Values returned from Properties.xlsx: xpath & //*[@formcontrolname='highestRank']
fill_CCEnrollmentForm:DropDown::Element should have been "select" but was "mat-select"
Build info: version: '3.14.0', revision: 'aacccce0', time: '2018-08-02T20:19:58.91Z'
System info: host: 'DESKTOP-7E3L7E1', ip: '192.168.0.3', os.name: 'Windows 10', os.arch: 'amd64', os.version: '10.0', java.version: '15.0.2'
Driver info: driver.version: unknown
fill_CCEnrollmentForm:ElementValue::Property Values returned from Properties.xlsx: xpath & //*[@formcontrolname='payeEntryBaseDate']
<init>:UIElement: Finding Element::Issue occurs while finding element
fill_CCEnrollmentForm:TextBox::Cannot invoke "org.openqa.selenium.WebElement.clear()" because "this.b.element" is null
fill_CCEnrollmentForm:ElementValue::Property Values returned from Properties.xlsx: xpath & //*[@formcontrolname='estimateTimeOfSeparation']
<init>:UIElement: Finding Element::Issue occurs while finding element
fill_CCEnrollmentForm:TextBox::Cannot invoke "org.openqa.selenium.WebElement.clear()" because "this.b.element" is null
fill_CCEnrollmentForm:ElementValue::Property Values returned from Properties.xlsx: xpath & (//*[@formcontrolname='location'])[1]
fill_CCEnrollmentForm:TextBox::invalid element state
  (Session info: chrome=94.0.4606.54)
Build info: version: '3.14.0', revision: 'aacccce0', time: '2018-08-02T20:19:58.91Z'
System info: host: 'DESKTOP-7E3L7E1', ip: '192.168.0.3', os.name: 'Windows 10', os.arch: 'amd64', os.version: '10.0', java.version: '15.0.2'
Driver info: org.openqa.selenium.chrome.ChromeDriver
Capabilities {acceptInsecureCerts: false, browserName: chrome, browserVersion: 94.0.4606.54, chrome: {chromedriverVersion: 94.0.4606.41 (333e85df3c9b6..., userDataDir: C:\Users\SUNILS~1\AppData\L...}, goog:chromeOptions: {debuggerAddress: localhost:60977}, javascriptEnabled: true, networkConnectionEnabled: false, pageLoadStrategy: normal, platform: WINDOWS, platformName: WINDOWS, proxy: Proxy(), setWindowRect: true, strictFileInteractability: false, timeouts: {implicit: 0, pageLoad: 300000, script: 30000}, unhandledPromptBehavior: dismiss and notify, webauthn:extension:credBlob: true, webauthn:extension:largeBlob: true, webauthn:virtualAuthenticators: true}
Session ID: 94c9b767ebc3f64022d7393d440b657d
fill_CCEnrollmentForm:ElementValue::Property Values returned from Properties.xlsx: xpath & (//*[@formcontrolname='country'])[1]
fill_CCEnrollmentForm:DropDown::Element should have been "select" but was "mat-select"
Build info: version: '3.14.0', revision: 'aacccce0', time: '2018-08-02T20:19:58.91Z'
System info: host: 'DESKTOP-7E3L7E1', ip: '192.168.0.3', os.name: 'Windows 10', os.arch: 'amd64', os.version: '10.0', java.version: '15.0.2'
Driver info: driver.version: unknown
fill_CCEnrollmentForm:ElementValue::Property Values returned from Properties.xlsx: xpath & (//*[@formcontrolname='startYear'])[1]
fill_CCEnrollmentForm:DropDown::Element should have been "select" but was "mat-select"
Build info: version: '3.14.0', revision: 'aacccce0', time: '2018-08-02T20:19:58.91Z'
System info: host: 'DESKTOP-7E3L7E1', ip: '192.168.0.3', os.name: 'Windows 10', os.arch: 'amd64', os.version: '10.0', java.version: '15.0.2'
Driver info: driver.version: unknown
fill_CCEnrollmentForm:ElementValue::Property Values returned from Properties.xlsx: xpath & (//*[@formcontrolname='endYear'])[1]
fill_CCEnrollmentForm:DropDown::Element should have been "select" but was "mat-select"
Build info: version: '3.14.0', revision: 'aacccce0', time: '2018-08-02T20:19:58.91Z'
System info: host: 'DESKTOP-7E3L7E1', ip: '192.168.0.3', os.name: 'Windows 10', os.arch: 'amd64', os.version: '10.0', java.version: '15.0.2'
Driver info: driver.version: unknown
fill_CCEnrollmentForm:ElementValue::Property Values returned from Properties.xlsx: xpath & //*[@class='addBtn mw_165']
<init>:UIElement: Finding Element::Issue occurs while finding element
fill_CCEnrollmentForm:WebUIElement::Cannot invoke "org.openqa.selenium.WebElement.click()" because "this.b.element" is null
fill_CCEnrollmentForm:ElementValue::Property Values returned from Properties.xlsx: xpath & (//*[@formcontrolname='location'])[2]
<init>:UIElement: Finding Element::Issue occurs while finding element
fill_CCEnrollmentForm:TextBox::Cannot invoke "org.openqa.selenium.WebElement.clear()" because "this.b.element" is null
fill_CCEnrollmentForm:ElementValue::Property Values returned from Properties.xlsx: xpath & (//*[@formcontrolname='country'])[2]
<init>:UIElement: Finding Element::Issue occurs while finding element
fill_CCEnrollmentForm:DropDown::Cannot invoke "org.openqa.selenium.WebElement.getTagName()" because "element" is null
fill_CCEnrollmentForm:ElementValue::Property Values returned from Properties.xlsx: xpath & (//*[@formcontrolname='startYear'])[2]
<init>:UIElement: Finding Element::Issue occurs while finding element
fill_CCEnrollmentForm:DropDown::Cannot invoke "org.openqa.selenium.WebElement.getTagName()" because "element" is null
fill_CCEnrollmentForm:ElementValue::Property Values returned from Properties.xlsx: xpath & (//*[@formcontrolname='endYear'])[2]
<init>:UIElement: Finding Element::Issue occurs while finding element
fill_CCEnrollmentForm:DropDown::Cannot invoke "org.openqa.selenium.WebElement.getTagName()" because "element" is null
fill_CCEnrollmentForm:ElementValue::Property Values returned from Properties.xlsx: xpath & //*[@formcontrolname='militaryRealtionship']
fill_CCEnrollmentForm:DropDown::Element should have been "select" but was "mat-select"
Build info: version: '3.14.0', revision: 'aacccce0', time: '2018-08-02T20:19:58.91Z'
System info: host: 'DESKTOP-7E3L7E1', ip: '192.168.0.3', os.name: 'Windows 10', os.arch: 'amd64', os.version: '10.0', java.version: '15.0.2'
Driver info: driver.version: unknown
fill_CCEnrollmentForm:ElementValue::Property Values returned from Properties.xlsx: xpath & //*[@formcontrolname='militaryRelationshipDescription']
fill_CCEnrollmentForm:DropDown::Element should have been "select" but was "textarea"
Build info: version: '3.14.0', revision: 'aacccce0', time: '2018-08-02T20:19:58.91Z'
System info: host: 'DESKTOP-7E3L7E1', ip: '192.168.0.3', os.name: 'Windows 10', os.arch: 'amd64', os.version: '10.0', java.version: '15.0.2'
Driver info: driver.version: unknown
fill_CCEnrollmentForm:ElementValue::Property Values returned from Properties.xlsx: xpath & //*[text()=' Save and Continue']
fill_CCEnrollmentForm:WebUIElement::Element: [[ChromeDriver: chrome on WINDOWS (94c9b767ebc3f64022d7393d440b657d)] -> xpath: //*[text()=' Save and Continue']]is clicked successfully.
]]></system-out>
    <system-err><![CDATA[Starting ChromeDriver 94.0.4606.41 (333e85df3c9b656b518b5f1add5ff246365b6c24-refs/branch-heads/4606@{#845}) on port 37009
Only local connections are allowed.
Please see https://chromedriver.chromium.org/security-considerations for suggestions on keeping ChromeDriver safe.
ChromeDriver was started successfully.
Sep 24, 2021 12:59:42 AM org.openqa.selenium.remote.ProtocolHandshake createSession
INFO: Detected dialect: W3C
]]></system-err>
  </testcase>
  <testcase name="main" classname="ETS.ETS_Login" time="74.112">
    <system-out><![CDATA[open_browser:Browser::Google Chrome is Launched : ChromeDriver: chrome on WINDOWS (ecb547c14c55f58c4da6b194c1ad344d)
open_browser:Browser::Browser Maximize
open_browser:Browser::Opening URL https://dev.aosen.ai/rivendell/#/SignIn
login:ElementValue::Property Values returned from Properties.xlsx: xpath & //*[@id='loginId']
login:TextBox::Values are sucessfully entered in textbox.NA272583
login:ElementValue::Property Values returned from Properties.xlsx: xpath & //*[@id='password']
login:TextBox::Values are sucessfully entered in textbox.llUU12!@
login:ElementValue::Property Values returned from Properties.xlsx: xpath & //*[text() = ' SIGN IN']
login:WebUIElement::Element: [[ChromeDriver: chrome on WINDOWS (ecb547c14c55f58c4da6b194c1ad344d)] -> xpath: //*[text() = ' SIGN IN']]is clicked successfully.
homePage:ElementValue::Property Values returned from Properties.xlsx: xpath & //*[@class='userNameText']
<init>:UIElement: Finding Element::Issue occurs while finding element
homePage:WebUIElement::Cannot invoke "org.openqa.selenium.WebElement.click()" because "this.b.element" is null
homePage:ElementValue::Property Values returned from Properties.xlsx: xpath & //*[text() = 'Log off']
<init>:UIElement: Finding Element::Issue occurs while finding element
homePage:WebUIElement::Cannot invoke "org.openqa.selenium.WebElement.click()" because "this.b.element" is null
]]></system-out>
    <system-err><![CDATA[Starting ChromeDriver 94.0.4606.41 (333e85df3c9b656b518b5f1add5ff246365b6c24-refs/branch-heads/4606@{#845}) on port 43474
Only local connections are allowed.
Please see https://chromedriver.chromium.org/security-considerations for suggestions on keeping ChromeDriver safe.
ChromeDriver was started successfully.
Sep 24, 2021 1:01:59 AM org.openqa.selenium.remote.ProtocolHandshake createSession
INFO: Detected dialect: W3C
]]></system-err>
  </testcase>
</testsuite>