<?xml version="1.0" encoding="UTF-8"?>
<testng-results ignored="0" total="2" passed="2" failed="0" skipped="0">
  <reporter-output>
  </reporter-output>
  <suite started-at="2021-09-22T11:46:53Z" name="Suite" finished-at="2021-09-22T11:48:36Z" duration-ms="103120">
    <groups>
    </groups>
    <test started-at="2021-09-22T11:46:53Z" name="Test" finished-at="2021-09-22T11:48:36Z" duration-ms="103120">
      <class name="ETS.ETS_Login">
        <test-method signature="main()[pri:0, instance:ETS.ETS_Login@3e74829]" started-at="2021-09-22T17:17:11Z" name="main" finished-at="2021-09-22T17:18:36Z" duration-ms="84444" status="PASS">
          <reporter-output>
          </reporter-output>
        </test-method> <!-- main -->
      </class> <!-- ETS.ETS_Login -->
      <class name="ETS.CCIntake">
        <test-method signature="main()[pri:0, instance:ETS.CCIntake@6c0d7c83]" started-at="2021-09-22T17:16:53Z" name="main" finished-at="2021-09-22T17:17:11Z" duration-ms="18655" status="PASS">
          <reporter-output>
          </reporter-output>
        </test-method> <!-- main -->
      </class> <!-- ETS.CCIntake -->
    </test> <!-- Test -->
  </suite> <!-- Suite -->
</testng-results>
